{"C:\\Temp\\AES3\\MetricasGrupo07\\backend\\src\\controllers\\userController.js": {"path":"C:\\Temp\\AES3\\MetricasGrupo07\\backend\\src\\controllers\\userController.js","statementMap":{"0":{"start":{"line":1,"column":15},"end":{"line":1,"column":34}},"1":{"start":{"line":2,"column":13},"end":{"line":2,"column":38}},"2":{"start":{"line":5,"column":18},"end":{"line":5,"column":20}},"3":{"start":{"line":6,"column":23},"end":{"line":6,"column":36}},"4":{"start":{"line":7,"column":23},"end":{"line":7,"column":50}},"5":{"start":{"line":9,"column":19},"end":{"line":9,"column":31}},"6":{"start":{"line":10,"column":20},"end":{"line":10,"column":32}},"7":{"start":{"line":12,"column":2},"end":{"line":15,"column":90}},"8":{"start":{"line":12,"column":21},"end":{"line":12,"column":63}},"9":{"start":{"line":13,"column":7},"end":{"line":15,"column":90}},"10":{"start":{"line":13,"column":36},"end":{"line":13,"column":73}},"11":{"start":{"line":14,"column":7},"end":{"line":15,"column":90}},"12":{"start":{"line":14,"column":37},"end":{"line":14,"column":75}},"13":{"start":{"line":15,"column":7},"end":{"line":15,"column":90}},"14":{"start":{"line":15,"column":50},"end":{"line":15,"column":90}},"15":{"start":{"line":17,"column":2},"end":{"line":18,"column":103}},"16":{"start":{"line":17,"column":21},"end":{"line":17,"column":75}},"17":{"start":{"line":18,"column":7},"end":{"line":18,"column":103}},"18":{"start":{"line":18,"column":61},"end":{"line":18,"column":103}},"19":{"start":{"line":20,"column":0},"end":{"line":25,"column":3}},"20":{"start":{"line":20,"column":17},"end":{"line":20,"column":63}},"21":{"start":{"line":22,"column":4},"end":{"line":22,"column":68}},"22":{"start":{"line":22,"column":31},"end":{"line":22,"column":68}},"23":{"start":{"line":23,"column":4},"end":{"line":23,"column":81}},"24":{"start":{"line":23,"column":35},"end":{"line":23,"column":81}},"25":{"start":{"line":24,"column":4},"end":{"line":24,"column":68}},"26":{"start":{"line":24,"column":32},"end":{"line":24,"column":68}},"27":{"start":{"line":28,"column":2},"end":{"line":28,"column":49}},"28":{"start":{"line":32,"column":2},"end":{"line":77,"column":3}},"29":{"start":{"line":33,"column":43},"end":{"line":33,"column":51}},"30":{"start":{"line":34,"column":52},"end":{"line":34,"column":99}},"31":{"start":{"line":36,"column":4},"end":{"line":43,"column":5}},"32":{"start":{"line":37,"column":6},"end":{"line":42,"column":7}},"33":{"start":{"line":38,"column":8},"end":{"line":41,"column":11}},"34":{"start":{"line":45,"column":29},"end":{"line":45,"column":73}},"35":{"start":{"line":47,"column":4},"end":{"line":51,"column":5}},"36":{"start":{"line":48,"column":6},"end":{"line":50,"column":9}},"37":{"start":{"line":53,"column":17},"end":{"line":53,"column":50}},"38":{"start":{"line":54,"column":20},"end":{"line":58,"column":6}},"39":{"start":{"line":60,"column":4},"end":{"line":68,"column":7}},"40":{"start":{"line":70,"column":4},"end":{"line":74,"column":5}},"41":{"start":{"line":71,"column":6},"end":{"line":73,"column":9}},"42":{"start":{"line":76,"column":4},"end":{"line":76,"column":23}},"43":{"start":{"line":80,"column":0},"end":{"line":83,"column":2}}},"fnMap":{"0":{"name":"validarRegistro","decl":{"start":{"line":4,"column":9},"end":{"line":4,"column":24}},"loc":{"start":{"line":4,"column":72},"end":{"line":29,"column":1}},"line":4},"1":{"name":"registrarUsuario","decl":{"start":{"line":31,"column":15},"end":{"line":31,"column":31}},"loc":{"start":{"line":31,"column":48},"end":{"line":78,"column":1}},"line":31}},"branchMap":{"0":{"loc":{"start":{"line":4,"column":27},"end":{"line":4,"column":38}},"type":"default-arg","locations":[{"start":{"line":4,"column":36},"end":{"line":4,"column":38}}],"line":4},"1":{"loc":{"start":{"line":4,"column":40},"end":{"line":4,"column":51}},"type":"default-arg","locations":[{"start":{"line":4,"column":49},"end":{"line":4,"column":51}}],"line":4},"2":{"loc":{"start":{"line":4,"column":53},"end":{"line":4,"column":68}},"type":"default-arg","locations":[{"start":{"line":4,"column":66},"end":{"line":4,"column":68}}],"line":4},"3":{"loc":{"start":{"line":12,"column":2},"end":{"line":15,"column":90}},"type":"if","locations":[{"start":{"line":12,"column":2},"end":{"line":15,"column":90}},{"start":{"line":13,"column":7},"end":{"line":15,"column":90}}],"line":12},"4":{"loc":{"start":{"line":13,"column":7},"end":{"line":15,"column":90}},"type":"if","locations":[{"start":{"line":13,"column":7},"end":{"line":15,"column":90}},{"start":{"line":14,"column":7},"end":{"line":15,"column":90}}],"line":13},"5":{"loc":{"start":{"line":14,"column":7},"end":{"line":15,"column":90}},"type":"if","locations":[{"start":{"line":14,"column":7},"end":{"line":15,"column":90}},{"start":{"line":15,"column":7},"end":{"line":15,"column":90}}],"line":14},"6":{"loc":{"start":{"line":15,"column":7},"end":{"line":15,"column":90}},"type":"if","locations":[{"start":{"line":15,"column":7},"end":{"line":15,"column":90}},{"start":{},"end":{}}],"line":15},"7":{"loc":{"start":{"line":17,"column":2},"end":{"line":18,"column":103}},"type":"if","locations":[{"start":{"line":17,"column":2},"end":{"line":18,"column":103}},{"start":{"line":18,"column":7},"end":{"line":18,"column":103}}],"line":17},"8":{"loc":{"start":{"line":18,"column":7},"end":{"line":18,"column":103}},"type":"if","locations":[{"start":{"line":18,"column":7},"end":{"line":18,"column":103}},{"start":{},"end":{}}],"line":18},"9":{"loc":{"start":{"line":20,"column":0},"end":{"line":25,"column":3}},"type":"if","locations":[{"start":{"line":20,"column":0},"end":{"line":25,"column":3}},{"start":{"line":21,"column":7},"end":{"line":25,"column":3}}],"line":20},"10":{"loc":{"start":{"line":22,"column":4},"end":{"line":22,"column":68}},"type":"if","locations":[{"start":{"line":22,"column":4},"end":{"line":22,"column":68}},{"start":{},"end":{}}],"line":22},"11":{"loc":{"start":{"line":23,"column":4},"end":{"line":23,"column":81}},"type":"if","locations":[{"start":{"line":23,"column":4},"end":{"line":23,"column":81}},{"start":{},"end":{}}],"line":23},"12":{"loc":{"start":{"line":24,"column":4},"end":{"line":24,"column":68}},"type":"if","locations":[{"start":{"line":24,"column":4},"end":{"line":24,"column":68}},{"start":{},"end":{}}],"line":24},"13":{"loc":{"start":{"line":36,"column":4},"end":{"line":43,"column":5}},"type":"if","locations":[{"start":{"line":36,"column":4},"end":{"line":43,"column":5}},{"start":{},"end":{}}],"line":36},"14":{"loc":{"start":{"line":37,"column":6},"end":{"line":42,"column":7}},"type":"if","locations":[{"start":{"line":37,"column":6},"end":{"line":42,"column":7}},{"start":{},"end":{}}],"line":37},"15":{"loc":{"start":{"line":47,"column":4},"end":{"line":51,"column":5}},"type":"if","locations":[{"start":{"line":47,"column":4},"end":{"line":51,"column":5}},{"start":{},"end":{}}],"line":47},"16":{"loc":{"start":{"line":70,"column":4},"end":{"line":74,"column":5}},"type":"if","locations":[{"start":{"line":70,"column":4},"end":{"line":74,"column":5}},{"start":{},"end":{}}],"line":70}},"s":{"0":1,"1":1,"2":4,"3":4,"4":4,"5":4,"6":4,"7":4,"8":1,"9":3,"10":0,"11":3,"12":0,"13":3,"14":0,"15":4,"16":0,"17":4,"18":1,"19":4,"20":0,"21":4,"22":1,"23":4,"24":1,"25":4,"26":0,"27":4,"28":0,"29":0,"30":0,"31":0,"32":0,"33":0,"34":0,"35":0,"36":0,"37":0,"38":0,"39":0,"40":0,"41":0,"42":0,"43":1},"f":{"0":4,"1":0},"b":{"0":[0],"1":[0],"2":[0],"3":[1,3],"4":[0,3],"5":[0,3],"6":[0,3],"7":[0,4],"8":[1,3],"9":[0,4],"10":[1,3],"11":[1,3],"12":[0,4],"13":[0,0],"14":[0,0],"15":[0,0],"16":[0,0]},"_coverageSchema":"1a1c01bbd47fc00a2c39e90264f33305004495a9","hash":"28d93bd0fca53161939641b1f78b82332e66714a"}
,"C:\\Temp\\AES3\\MetricasGrupo07\\backend\\src\\models\\User.js": {"path":"C:\\Temp\\AES3\\MetricasGrupo07\\backend\\src\\models\\User.js","statementMap":{"0":{"start":{"line":1,"column":17},"end":{"line":1,"column":36}},"1":{"start":{"line":3,"column":19},"end":{"line":30,"column":1}},"2":{"start":{"line":32,"column":0},"end":{"line":32,"column":52}}},"fnMap":{},"branchMap":{},"s":{"0":1,"1":1,"2":1},"f":{},"b":{},"_coverageSchema":"1a1c01bbd47fc00a2c39e90264f33305004495a9","hash":"7a4cbf2a0e6d1cc39fcdd2ec78ccd95c0a19779b"}
}
