TN:
SF:backend\src\controllers\userController.js
FN:4,validarRegistro
FN:31,registrarUsuario
FNF:2
FNH:1
FNDA:4,validarRegistro
FNDA:0,registrarUsuario
DA:1,1
DA:2,1
DA:5,4
DA:6,4
DA:7,4
DA:9,4
DA:10,4
DA:12,4
DA:13,3
DA:14,3
DA:15,3
DA:17,4
DA:18,4
DA:20,4
DA:22,4
DA:23,4
DA:24,4
DA:28,4
DA:32,0
DA:33,0
DA:34,0
DA:36,0
DA:37,0
DA:38,0
DA:45,0
DA:47,0
DA:48,0
DA:53,0
DA:54,0
DA:60,0
DA:70,0
DA:71,0
DA:76,0
DA:80,1
LF:34
LH:19
BRDA:4,0,0,0
BRDA:4,1,0,0
BRDA:4,2,0,0
BRDA:12,3,0,1
BRDA:12,3,1,3
BRDA:13,4,0,0
BRDA:13,4,1,3
BRDA:14,5,0,0
BRDA:14,5,1,3
BRDA:15,6,0,0
BRDA:15,6,1,3
BRDA:17,7,0,0
BRDA:17,7,1,4
BRDA:18,8,0,1
BRDA:18,8,1,3
BRDA:20,9,0,0
BRDA:20,9,1,4
BRDA:22,10,0,1
BRDA:22,10,1,3
BRDA:23,11,0,1
BRDA:23,11,1,3
BRDA:24,12,0,0
BRDA:24,12,1,4
BRDA:36,13,0,0
BRDA:36,13,1,0
BRDA:37,14,0,0
BRDA:37,14,1,0
BRDA:47,15,0,0
BRDA:47,15,1,0
BRDA:70,16,0,0
BRDA:70,16,1,0
BRF:31
BRH:14
end_of_record
TN:
SF:backend\src\models\User.js
FNF:0
FNH:0
DA:1,1
DA:3,1
DA:32,1
LF:3
LH:3
BRF:0
BRH:0
end_of_record
